#
# There is insufficient memory for the Java Runtime Environment to continue.
# Native memory allocation (malloc) failed to allocate 159824 bytes for Chunk::new
# Possible reasons:
#   The system is out of physical RAM or swap space
#   The process is running with CompressedOops enabled, and the Java Heap may be blocking the growth of the native heap
# Possible solutions:
#   Reduce memory load on the system
#   Increase physical memory or swap space
#   Check if swap backing store is full
#   Decrease Java heap size (-Xmx/-Xms)
#   Decrease number of Java threads
#   Decrease Java thread stack sizes (-Xss)
#   Set larger code cache with -XX:ReservedCodeCacheSize=
#   JVM is running with Unscaled Compressed Oops mode in which the Java heap is
#     placed in the first 4GB address space. The Java Heap base address is the
#     maximum limit for the native heap growth. Please use -XX:HeapBaseMinAddress
#     to set the Java Heap base and to place the Java Heap above 4GB virtual address.
# This output file may be truncated or incomplete.
#
#  Out of Memory Error (arena.cpp:189), pid=47348, tid=53384
#
# JRE version: OpenJDK Runtime Environment Temurin-17.0.8.1+1 (17.0.8.1+1) (build 17.0.8.1+1)
# Java VM: OpenJDK 64-Bit Server VM Temurin-17.0.8.1+1 (17.0.8.1+1, mixed mode, tiered, compressed oops, compressed class ptrs, g1 gc, windows-amd64)
# No core dump will be written. Minidumps are not enabled by default on client versions of Windows
#

---------------  S U M M A R Y ------------

Command Line: -ea -Dfile.encoding=UTF-8 -Dstdout.encoding=UTF-8 -Dstderr.encoding=UTF-8 -XX:+ShowCodeDetailsInExceptionMessages org.testng.remote.RemoteTestNG -serport 50896 -protocol json -d C:\java\SeleniumPracticeProject\test-output C:\Users\User\AppData\Local\Temp\testng-eclipse--51192813\testng-customsuite.xml

Host: Intel(R) Core(TM) i5-6200U CPU @ 2.30GHz, 4 cores, 7G,  Windows 10 , 64 bit Build 19041 (10.0.19041.3636)
Time: Wed Jan 24 01:01:16 2024 India Standard Time elapsed time: 27.795466 seconds (0d 0h 0m 27s)

---------------  T H R E A D  ---------------

Current thread (0x0000015e34a648c0):  JavaThread "C2 CompilerThread0" daemon [_thread_in_native, id=53384, stack(0x00000026a4d00000,0x00000026a4e00000)]


Current CompileTask:
C2:  27795 3230       4       java.util.regex.Matcher::appendExpandedReplacement (510 bytes)

Stack: [0x00000026a4d00000,0x00000026a4e00000]
Native frames: (J=compiled Java code, j=interpreted, Vv=VM code, C=native code)
V  [jvm.dll+0x678b0a]
V  [jvm.dll+0x835e84]
V  [jvm.dll+0x83762e]
V  [jvm.dll+0x837c93]
V  [jvm.dll+0x24746f]
V  [jvm.dll+0xac20c]
V  [jvm.dll+0xac7dc]
V  [jvm.dll+0x365ca7]
V  [jvm.dll+0x1bd012]
V  [jvm.dll+0x219d49]
V  [jvm.dll+0x219011]
V  [jvm.dll+0x1a534d]
V  [jvm.dll+0x228d8a]
V  [jvm.dll+0x226dcc]
V  [jvm.dll+0x7ec09b]
V  [jvm.dll+0x7e64ca]
V  [jvm.dll+0x677955]
C  [ucrtbase.dll+0x21bb2]
C  [KERNEL32.DLL+0x17344]
C  [ntdll.dll+0x526b1]


---------------  P R O C E S S  ---------------

Threads class SMR info:
_java_thread_list=0x0000015e34a024b0, length=19, elements={
0x0000015e1b30c990, 0x0000015e34a1f020, 0x0000015e34a1faf0, 0x0000015e34a0a160,
0x0000015e34a0ca40, 0x0000015e34a5da20, 0x0000015e34a63c10, 0x0000015e34a648c0,
0x0000015e34a65280, 0x0000015e34a6e360, 0x0000015e34bcf720, 0x0000015e34beda30,
0x0000015e391fb940, 0x0000015e3a138ad0, 0x0000015e39e65ad0, 0x0000015e39e650b0,
0x0000015e39e655c0, 0x0000015e39e65fe0, 0x0000015e39e664f0
}

Java Threads: ( => current thread )
  0x0000015e1b30c990 JavaThread "Forwarding sendKeysToElement on session 4f599796e121afc9dd3693897174059c to remote" [_thread_in_native, id=57108, stack(0x00000026a4000000,0x00000026a4100000)]
  0x0000015e34a1f020 JavaThread "Reference Handler" daemon [_thread_blocked, id=34912, stack(0x00000026a4700000,0x00000026a4800000)]
  0x0000015e34a1faf0 JavaThread "Finalizer" daemon [_thread_blocked, id=44196, stack(0x00000026a4800000,0x00000026a4900000)]
  0x0000015e34a0a160 JavaThread "Signal Dispatcher" daemon [_thread_blocked, id=55660, stack(0x00000026a4900000,0x00000026a4a00000)]
  0x0000015e34a0ca40 JavaThread "Attach Listener" daemon [_thread_blocked, id=43864, stack(0x00000026a4a00000,0x00000026a4b00000)]
  0x0000015e34a5da20 JavaThread "Service Thread" daemon [_thread_blocked, id=54568, stack(0x00000026a4b00000,0x00000026a4c00000)]
  0x0000015e34a63c10 JavaThread "Monitor Deflation Thread" daemon [_thread_blocked, id=39168, stack(0x00000026a4c00000,0x00000026a4d00000)]
=>0x0000015e34a648c0 JavaThread "C2 CompilerThread0" daemon [_thread_in_native, id=53384, stack(0x00000026a4d00000,0x00000026a4e00000)]
  0x0000015e34a65280 JavaThread "C1 CompilerThread0" daemon [_thread_blocked, id=55996, stack(0x00000026a4e00000,0x00000026a4f00000)]
  0x0000015e34a6e360 JavaThread "Sweeper thread" daemon [_thread_blocked, id=50056, stack(0x00000026a4f00000,0x00000026a5000000)]
  0x0000015e34bcf720 JavaThread "Notification Thread" daemon [_thread_blocked, id=56980, stack(0x00000026a5000000,0x00000026a5100000)]
  0x0000015e34beda30 JavaThread "Common-Cleaner" daemon [_thread_blocked, id=52736, stack(0x00000026a5200000,0x00000026a5300000)]
  0x0000015e391fb940 JavaThread "ReaderThread" [_thread_in_native, id=10628, stack(0x00000026a5500000,0x00000026a5600000)]
  0x0000015e3a138ad0 JavaThread "UrlChecker-2" daemon [_thread_blocked, id=57304, stack(0x00000026a5a00000,0x00000026a5b00000)]
  0x0000015e39e65ad0 JavaThread "OkHttp ConnectionPool" daemon [_thread_blocked, id=50872, stack(0x00000026a5e00000,0x00000026a5f00000)]
  0x0000015e39e650b0 JavaThread "Okio Watchdog" daemon [_thread_blocked, id=56988, stack(0x00000026a5f00000,0x00000026a6000000)]
  0x0000015e39e655c0 JavaThread "Exec Default Executor" daemon [_thread_in_native, id=55620, stack(0x00000026a5900000,0x00000026a5a00000)]
  0x0000015e39e65fe0 JavaThread "Exec Stream Pumper" daemon [_thread_in_native, id=55516, stack(0x00000026a5b00000,0x00000026a5c00000)]
  0x0000015e39e664f0 JavaThread "Exec Stream Pumper" daemon [_thread_in_native, id=40800, stack(0x00000026a5c00000,0x00000026a5d00000)]

Other Threads:
  0x0000015e349fdc70 VMThread "VM Thread" [stack: 0x00000026a4600000,0x00000026a4700000] [id=52132]
  0x0000015e1b38ca50 WatcherThread [stack: 0x00000026a5100000,0x00000026a5200000] [id=53008]
  0x0000015e1b366050 GCTaskThread "GC Thread#0" [stack: 0x00000026a4100000,0x00000026a4200000] [id=55920]
  0x0000015e39530c50 GCTaskThread "GC Thread#1" [stack: 0x00000026a5300000,0x00000026a5400000] [id=54968]
  0x0000015e39530f10 GCTaskThread "GC Thread#2" [stack: 0x00000026a5600000,0x00000026a5700000] [id=55812]
  0x0000015e395311d0 GCTaskThread "GC Thread#3" [stack: 0x00000026a5700000,0x00000026a5800000] [id=25668]
  0x0000015e1b3772d0 ConcurrentGCThread "G1 Main Marker" [stack: 0x00000026a4200000,0x00000026a4300000] [id=51072]
  0x0000015e1b377bf0 ConcurrentGCThread "G1 Conc#0" [stack: 0x00000026a4300000,0x00000026a4400000] [id=49128]
  0x0000015e348580e0 ConcurrentGCThread "G1 Refine#0" [stack: 0x00000026a4400000,0x00000026a4500000] [id=30624]
  0x0000015e348597d0 ConcurrentGCThread "G1 Service" [stack: 0x00000026a4500000,0x00000026a4600000] [id=41376]

Threads with active compile tasks:
C2 CompilerThread0    27838 3230       4       java.util.regex.Matcher::appendExpandedReplacement (510 bytes)
C1 CompilerThread0    27838 3238       3       sun.nio.ch.NioSocketImpl::isOpen (14 bytes)

VM state: not at safepoint (normal execution)

VM Mutex/Monitor currently owned by a thread: None

Heap address: 0x0000000081c00000, size: 2020 MB, Compressed Oops mode: 32-bit

CDS archive(s) not mapped
Compressed class space mapped at: 0x0000000100000000-0x0000000140000000, reserved size: 1073741824
Narrow klass base: 0x0000000000000000, Narrow klass shift: 3, Narrow klass range: 0x140000000

GC Precious Log:
 CPUs: 4 total, 4 available
 Memory: 8072M
 Large Page Support: Disabled
 NUMA Support: Disabled
 Compressed Oops: Enabled (32-bit)
 Heap Region Size: 1M
 Heap Min Capacity: 8M
 Heap Initial Capacity: 128M
 Heap Max Capacity: 2020M
 Pre-touch: Disabled
 Parallel Workers: 4
 Concurrent Workers: 1
 Concurrent Refinement Workers: 4
 Periodic GC: Disabled

Heap:
 garbage-first heap   total 130048K, used 59531K [0x0000000081c00000, 0x0000000100000000)
  region size 1024K, 46 young (47104K), 3 survivors (3072K)
 Metaspace       used 32430K, committed 32768K, reserved 1114112K
  class space    used 3627K, committed 3840K, reserved 1048576K

Heap Regions: E=young(eden), S=young(survivor), O=old, HS=humongous(starts), HC=humongous(continues), CS=collection set, F=free, OA=open archive, CA=closed archive, TAMS=top-at-mark-start (previous, next)
|   0|0x0000000081c00000, 0x0000000081d00000, 0x0000000081d00000|100%|HS|  |TAMS 0x0000000081d00000, 0x0000000081c00000| Complete 
|   1|0x0000000081d00000, 0x0000000081e00000, 0x0000000081e00000|100%| O|  |TAMS 0x0000000081e00000, 0x0000000081d00000| Untracked 
|   2|0x0000000081e00000, 0x0000000081f00000, 0x0000000081f00000|100%|HS|  |TAMS 0x0000000081f00000, 0x0000000081e00000| Complete 
|   3|0x0000000081f00000, 0x0000000082000000, 0x0000000082000000|100%|HS|  |TAMS 0x0000000082000000, 0x0000000081f00000| Complete 
|   4|0x0000000082000000, 0x0000000082100000, 0x0000000082100000|100%|HC|  |TAMS 0x0000000082100000, 0x0000000082000000| Complete 
|   5|0x0000000082100000, 0x0000000082200000, 0x0000000082200000|100%| O|  |TAMS 0x0000000082200000, 0x0000000082100000| Untracked 
|   6|0x0000000082200000, 0x0000000082300000, 0x0000000082300000|100%| O|  |TAMS 0x0000000082300000, 0x0000000082200000| Untracked 
|   7|0x0000000082300000, 0x0000000082400000, 0x0000000082400000|100%| O|  |TAMS 0x0000000082400000, 0x0000000082300000| Untracked 
|   8|0x0000000082400000, 0x0000000082500000, 0x0000000082500000|100%| O|  |TAMS 0x0000000082500000, 0x0000000082400000| Untracked 
|   9|0x0000000082500000, 0x0000000082522c00, 0x0000000082600000| 13%| O|  |TAMS 0x0000000082500000, 0x0000000082500000| Untracked 
|  10|0x0000000082600000, 0x0000000082700000, 0x0000000082700000|100%| O|  |TAMS 0x0000000082600000, 0x0000000082600000| Untracked 
|  11|0x0000000082700000, 0x0000000082800000, 0x0000000082800000|100%| O|  |TAMS 0x0000000082700000, 0x0000000082700000| Untracked 
|  12|0x0000000082800000, 0x0000000082900000, 0x0000000082900000|100%| O|  |TAMS 0x0000000082800000, 0x0000000082800000| Untracked 
|  13|0x0000000082900000, 0x0000000082a00000, 0x0000000082a00000|100%| O|  |TAMS 0x0000000082900000, 0x0000000082900000| Untracked 
|  14|0x0000000082a00000, 0x0000000082a00000, 0x0000000082b00000|  0%| F|  |TAMS 0x0000000082a00000, 0x0000000082a00000| Untracked 
|  15|0x0000000082b00000, 0x0000000082b00000, 0x0000000082c00000|  0%| F|  |TAMS 0x0000000082b00000, 0x0000000082b00000| Untracked 
|  16|0x0000000082c00000, 0x0000000082c00000, 0x0000000082d00000|  0%| F|  |TAMS 0x0000000082c00000, 0x0000000082c00000| Untracked 
|  17|0x0000000082d00000, 0x0000000082d00000, 0x0000000082e00000|  0%| F|  |TAMS 0x0000000082d00000, 0x0000000082d00000| Untracked 
|  18|0x0000000082e00000, 0x0000000082e00000, 0x0000000082f00000|  0%| F|  |TAMS 0x0000000082e00000, 0x0000000082e00000| Untracked 
|  19|0x0000000082f00000, 0x0000000082f00000, 0x0000000083000000|  0%| F|  |TAMS 0x0000000082f00000, 0x0000000082f00000| Untracked 
|  20|0x0000000083000000, 0x0000000083000000, 0x0000000083100000|  0%| F|  |TAMS 0x0000000083000000, 0x0000000083000000| Untracked 
|  21|0x0000000083100000, 0x0000000083100000, 0x0000000083200000|  0%| F|  |TAMS 0x0000000083100000, 0x0000000083100000| Untracked 
|  22|0x0000000083200000, 0x0000000083200000, 0x0000000083300000|  0%| F|  |TAMS 0x0000000083200000, 0x0000000083200000| Untracked 
|  23|0x0000000083300000, 0x0000000083400000, 0x0000000083400000|100%| S|CS|TAMS 0x0000000083300000, 0x0000000083300000| Complete 
|  24|0x0000000083400000, 0x0000000083500000, 0x0000000083500000|100%| S|CS|TAMS 0x0000000083400000, 0x0000000083400000| Complete 
|  25|0x0000000083500000, 0x0000000083500000, 0x0000000083600000|  0%| F|  |TAMS 0x0000000083500000, 0x0000000083500000| Untracked 
|  26|0x0000000083600000, 0x0000000083600000, 0x0000000083700000|  0%| F|  |TAMS 0x0000000083600000, 0x0000000083600000| Untracked 
|  27|0x0000000083700000, 0x0000000083800000, 0x0000000083800000|100%| S|CS|TAMS 0x0000000083700000, 0x0000000083700000| Complete 
|  28|0x0000000083800000, 0x0000000083800000, 0x0000000083900000|  0%| F|  |TAMS 0x0000000083800000, 0x0000000083800000| Untracked 
|  29|0x0000000083900000, 0x0000000083900000, 0x0000000083a00000|  0%| F|  |TAMS 0x0000000083900000, 0x0000000083900000| Untracked 
|  30|0x0000000083a00000, 0x0000000083a00000, 0x0000000083b00000|  0%| F|  |TAMS 0x0000000083a00000, 0x0000000083a00000| Untracked 
|  31|0x0000000083b00000, 0x0000000083b00000, 0x0000000083c00000|  0%| F|  |TAMS 0x0000000083b00000, 0x0000000083b00000| Untracked 
|  32|0x0000000083c00000, 0x0000000083c00000, 0x0000000083d00000|  0%| F|  |TAMS 0x0000000083c00000, 0x0000000083c00000| Untracked 
|  33|0x0000000083d00000, 0x0000000083d00000, 0x0000000083e00000|  0%| F|  |TAMS 0x0000000083d00000, 0x0000000083d00000| Untracked 
|  34|0x0000000083e00000, 0x0000000083e00000, 0x0000000083f00000|  0%| F|  |TAMS 0x0000000083e00000, 0x0000000083e00000| Untracked 
|  35|0x0000000083f00000, 0x0000000083f00000, 0x0000000084000000|  0%| F|  |TAMS 0x0000000083f00000, 0x0000000083f00000| Untracked 
|  36|0x0000000084000000, 0x0000000084000000, 0x0000000084100000|  0%| F|  |TAMS 0x0000000084000000, 0x0000000084000000| Untracked 
|  37|0x0000000084100000, 0x0000000084100000, 0x0000000084200000|  0%| F|  |TAMS 0x0000000084100000, 0x0000000084100000| Untracked 
|  38|0x0000000084200000, 0x0000000084200000, 0x0000000084300000|  0%| F|  |TAMS 0x0000000084200000, 0x0000000084200000| Untracked 
|  39|0x0000000084300000, 0x0000000084300000, 0x0000000084400000|  0%| F|  |TAMS 0x0000000084300000, 0x0000000084300000| Untracked 
|  40|0x0000000084400000, 0x0000000084400000, 0x0000000084500000|  0%| F|  |TAMS 0x0000000084400000, 0x0000000084400000| Untracked 
|  41|0x0000000084500000, 0x0000000084500000, 0x0000000084600000|  0%| F|  |TAMS 0x0000000084500000, 0x0000000084500000| Untracked 
|  42|0x0000000084600000, 0x0000000084600000, 0x0000000084700000|  0%| F|  |TAMS 0x0000000084600000, 0x0000000084600000| Untracked 
|  43|0x0000000084700000, 0x0000000084700000, 0x0000000084800000|  0%| F|  |TAMS 0x0000000084700000, 0x0000000084700000| Untracked 
|  44|0x0000000084800000, 0x0000000084800000, 0x0000000084900000|  0%| F|  |TAMS 0x0000000084800000, 0x0000000084800000| Untracked 
|  45|0x0000000084900000, 0x0000000084900000, 0x0000000084a00000|  0%| F|  |TAMS 0x0000000084900000, 0x0000000084900000| Untracked 
|  46|0x0000000084a00000, 0x0000000084a00000, 0x0000000084b00000|  0%| F|  |TAMS 0x0000000084a00000, 0x0000000084a00000| Untracked 
|  47|0x0000000084b00000, 0x0000000084b00000, 0x0000000084c00000|  0%| F|  |TAMS 0x0000000084b00000, 0x0000000084b00000| Untracked 
|  48|0x0000000084c00000, 0x0000000084c00000, 0x0000000084d00000|  0%| F|  |TAMS 0x0000000084c00000, 0x0000000084c00000| Untracked 
|  49|0x0000000084d00000, 0x0000000084d00000, 0x0000000084e00000|  0%| F|  |TAMS 0x0000000084d00000, 0x0000000084d00000| Untracked 
|  50|0x0000000084e00000, 0x0000000084e00000, 0x0000000084f00000|  0%| F|  |TAMS 0x0000000084e00000, 0x0000000084e00000| Untracked 
|  51|0x0000000084f00000, 0x0000000084f00000, 0x0000000085000000|  0%| F|  |TAMS 0x0000000084f00000, 0x0000000084f00000| Untracked 
|  52|0x0000000085000000, 0x0000000085000000, 0x0000000085100000|  0%| F|  |TAMS 0x0000000085000000, 0x0000000085000000| Untracked 
|  53|0x0000000085100000, 0x0000000085100000, 0x0000000085200000|  0%| F|  |TAMS 0x0000000085100000, 0x0000000085100000| Untracked 
|  54|0x0000000085200000, 0x0000000085200000, 0x0000000085300000|  0%| F|  |TAMS 0x0000000085200000, 0x0000000085200000| Untracked 
|  55|0x0000000085300000, 0x0000000085300000, 0x0000000085400000|  0%| F|  |TAMS 0x0000000085300000, 0x0000000085300000| Untracked 
|  56|0x0000000085400000, 0x0000000085400000, 0x0000000085500000|  0%| F|  |TAMS 0x0000000085400000, 0x0000000085400000| Untracked 
|  57|0x0000000085500000, 0x0000000085500000, 0x0000000085600000|  0%| F|  |TAMS 0x0000000085500000, 0x0000000085500000| Untracked 
|  58|0x0000000085600000, 0x0000000085600000, 0x0000000085700000|  0%| F|  |TAMS 0x0000000085600000, 0x0000000085600000| Untracked 
|  59|0x0000000085700000, 0x0000000085700000, 0x0000000085800000|  0%| F|  |TAMS 0x0000000085700000, 0x0000000085700000| Untracked 
|  60|0x0000000085800000, 0x0000000085800000, 0x0000000085900000|  0%| F|  |TAMS 0x0000000085800000, 0x0000000085800000| Untracked 
|  61|0x0000000085900000, 0x0000000085900000, 0x0000000085a00000|  0%| F|  |TAMS 0x0000000085900000, 0x0000000085900000| Untracked 
|  62|0x0000000085a00000, 0x0000000085a00000, 0x0000000085b00000|  0%| F|  |TAMS 0x0000000085a00000, 0x0000000085a00000| Untracked 
|  63|0x0000000085b00000, 0x0000000085b00000, 0x0000000085c00000|  0%| F|  |TAMS 0x0000000085b00000, 0x0000000085b00000| Untracked 
|  64|0x0000000085c00000, 0x0000000085c00000, 0x0000000085d00000|  0%| F|  |TAMS 0x0000000085c00000, 0x0000000085c00000| Untracked 
|  65|0x0000000085d00000, 0x0000000085d00000, 0x0000000085e00000|  0%| F|  |TAMS 0x0000000085d00000, 0x0000000085d00000| Untracked 
|  66|0x0000000085e00000, 0x0000000085e00000, 0x0000000085f00000|  0%| F|  |TAMS 0x0000000085e00000, 0x0000000085e00000| Untracked 
|  67|0x0000000085f00000, 0x0000000085f00000, 0x0000000086000000|  0%| F|  |TAMS 0x0000000085f00000, 0x0000000085f00000| Untracked 
|  68|0x0000000086000000, 0x0000000086000000, 0x0000000086100000|  0%| F|  |TAMS 0x0000000086000000, 0x0000000086000000| Untracked 
|  69|0x0000000086100000, 0x0000000086100000, 0x0000000086200000|  0%| F|  |TAMS 0x0000000086100000, 0x0000000086100000| Untracked 
|  70|0x0000000086200000, 0x0000000086200000, 0x0000000086300000|  0%| F|  |TAMS 0x0000000086200000, 0x0000000086200000| Untracked 
|  71|0x0000000086300000, 0x0000000086300000, 0x0000000086400000|  0%| F|  |TAMS 0x0000000086300000, 0x0000000086300000| Untracked 
|  72|0x0000000086400000, 0x0000000086400000, 0x0000000086500000|  0%| F|  |TAMS 0x0000000086400000, 0x0000000086400000| Untracked 
|  73|0x0000000086500000, 0x0000000086500000, 0x0000000086600000|  0%| F|  |TAMS 0x0000000086500000, 0x0000000086500000| Untracked 
|  74|0x0000000086600000, 0x0000000086600000, 0x0000000086700000|  0%| F|  |TAMS 0x0000000086600000, 0x0000000086600000| Untracked 
|  75|0x0000000086700000, 0x0000000086700000, 0x0000000086800000|  0%| F|  |TAMS 0x0000000086700000, 0x0000000086700000| Untracked 
|  76|0x0000000086800000, 0x0000000086800000, 0x0000000086900000|  0%| F|  |TAMS 0x0000000086800000, 0x0000000086800000| Untracked 
|  77|0x0000000086900000, 0x0000000086900000, 0x0000000086a00000|  0%| F|  |TAMS 0x0000000086900000, 0x0000000086900000| Untracked 
|  78|0x0000000086a00000, 0x0000000086a00000, 0x0000000086b00000|  0%| F|  |TAMS 0x0000000086a00000, 0x0000000086a00000| Untracked 
|  79|0x0000000086b00000, 0x0000000086b00000, 0x0000000086c00000|  0%| F|  |TAMS 0x0000000086b00000, 0x0000000086b00000| Untracked 
|  80|0x0000000086c00000, 0x0000000086c00000, 0x0000000086d00000|  0%| F|  |TAMS 0x0000000086c00000, 0x0000000086c00000| Untracked 
|  81|0x0000000086d00000, 0x0000000086d00000, 0x0000000086e00000|  0%| F|  |TAMS 0x0000000086d00000, 0x0000000086d00000| Untracked 
|  82|0x0000000086e00000, 0x0000000086e00000, 0x0000000086f00000|  0%| F|  |TAMS 0x0000000086e00000, 0x0000000086e00000| Untracked 
|  83|0x0000000086f00000, 0x0000000086f00000, 0x0000000087000000|  0%| F|  |TAMS 0x0000000086f00000, 0x0000000086f00000| Untracked 
|  84|0x0000000087000000, 0x0000000087080800, 0x0000000087100000| 50%| E|  |TAMS 0x0000000087000000, 0x0000000087000000| Complete 
|  85|0x0000000087100000, 0x0000000087200000, 0x0000000087200000|100%| E|CS|TAMS 0x0000000087100000, 0x0000000087100000| Complete 
|  86|0x0000000087200000, 0x0000000087300000, 0x0000000087300000|100%| E|CS|TAMS 0x0000000087200000, 0x0000000087200000| Complete 
|  87|0x0000000087300000, 0x0000000087400000, 0x0000000087400000|100%| E|CS|TAMS 0x0000000087300000, 0x0000000087300000| Complete 
|  88|0x0000000087400000, 0x0000000087500000, 0x0000000087500000|100%| E|CS|TAMS 0x0000000087400000, 0x0000000087400000| Complete 
|  89|0x0000000087500000, 0x0000000087600000, 0x0000000087600000|100%| E|CS|TAMS 0x0000000087500000, 0x0000000087500000| Complete 
|  90|0x0000000087600000, 0x0000000087700000, 0x0000000087700000|100%| E|CS|TAMS 0x0000000087600000, 0x0000000087600000| Complete 
|  91|0x0000000087700000, 0x0000000087800000, 0x0000000087800000|100%| E|CS|TAMS 0x0000000087700000, 0x0000000087700000| Complete 
|  92|0x0000000087800000, 0x0000000087900000, 0x0000000087900000|100%| E|CS|TAMS 0x0000000087800000, 0x0000000087800000| Complete 
|  93|0x0000000087900000, 0x0000000087a00000, 0x0000000087a00000|100%| E|CS|TAMS 0x0000000087900000, 0x0000000087900000| Complete 
|  94|0x0000000087a00000, 0x0000000087b00000, 0x0000000087b00000|100%| E|CS|TAMS 0x0000000087a00000, 0x0000000087a00000| Complete 
|  95|0x0000000087b00000, 0x0000000087c00000, 0x0000000087c00000|100%| E|CS|TAMS 0x0000000087b00000, 0x0000000087b00000| Complete 
|  96|0x0000000087c00000, 0x0000000087d00000, 0x0000000087d00000|100%| E|CS|TAMS 0x0000000087c00000, 0x0000000087c00000| Complete 
|  97|0x0000000087d00000, 0x0000000087e00000, 0x0000000087e00000|100%| E|CS|TAMS 0x0000000087d00000, 0x0000000087d00000| Complete 
|  98|0x0000000087e00000, 0x0000000087f00000, 0x0000000087f00000|100%| E|CS|TAMS 0x0000000087e00000, 0x0000000087e00000| Complete 
|  99|0x0000000087f00000, 0x0000000088000000, 0x0000000088000000|100%| E|CS|TAMS 0x0000000087f00000, 0x0000000087f00000| Complete 
| 100|0x0000000088000000, 0x0000000088100000, 0x0000000088100000|100%| E|CS|TAMS 0x0000000088000000, 0x0000000088000000| Complete 
| 101|0x0000000088100000, 0x0000000088200000, 0x0000000088200000|100%| E|CS|TAMS 0x0000000088100000, 0x0000000088100000| Complete 
| 102|0x0000000088200000, 0x0000000088300000, 0x0000000088300000|100%| E|CS|TAMS 0x0000000088200000, 0x0000000088200000| Complete 
| 103|0x0000000088300000, 0x0000000088400000, 0x0000000088400000|100%| E|CS|TAMS 0x0000000088300000, 0x0000000088300000| Complete 
| 104|0x0000000088400000, 0x0000000088500000, 0x0000000088500000|100%| E|CS|TAMS 0x0000000088400000, 0x0000000088400000| Complete 
| 105|0x0000000088500000, 0x0000000088600000, 0x0000000088600000|100%| E|CS|TAMS 0x0000000088500000, 0x0000000088500000| Complete 
| 106|0x0000000088600000, 0x0000000088700000, 0x0000000088700000|100%| E|CS|TAMS 0x0000000088600000, 0x0000000088600000| Complete 
| 107|0x0000000088700000, 0x0000000088800000, 0x0000000088800000|100%| E|CS|TAMS 0x0000000088700000, 0x0000000088700000| Complete 
| 108|0x0000000088800000, 0x0000000088900000, 0x0000000088900000|100%| E|CS|TAMS 0x0000000088800000, 0x0000000088800000| Complete 
| 109|0x0000000088900000, 0x0000000088a00000, 0x0000000088a00000|100%| E|CS|TAMS 0x0000000088900000, 0x0000000088900000| Complete 
| 110|0x0000000088a00000, 0x0000000088b00000, 0x0000000088b00000|100%| E|CS|TAMS 0x0000000088a00000, 0x0000000088a00000| Complete 
| 111|0x0000000088b00000, 0x0000000088c00000, 0x0000000088c00000|100%| E|CS|TAMS 0x0000000088b00000, 0x0000000088b00000| Complete 
| 112|0x0000000088c00000, 0x0000000088d00000, 0x0000000088d00000|100%| E|CS|TAMS 0x0000000088c00000, 0x0000000088c00000| Complete 
| 113|0x0000000088d00000, 0x0000000088e00000, 0x0000000088e00000|100%| E|CS|TAMS 0x0000000088d00000, 0x0000000088d00000| Complete 
| 114|0x0000000088e00000, 0x0000000088f00000, 0x0000000088f00000|100%| E|CS|TAMS 0x0000000088e00000, 0x0000000088e00000| Complete 
| 115|0x0000000088f00000, 0x0000000089000000, 0x0000000089000000|100%| E|CS|TAMS 0x0000000088f00000, 0x0000000088f00000| Complete 
| 116|0x0000000089000000, 0x0000000089100000, 0x0000000089100000|100%| E|CS|TAMS 0x0000000089000000, 0x0000000089000000| Complete 
| 117|0x0000000089100000, 0x0000000089200000, 0x0000000089200000|100%| E|CS|TAMS 0x0000000089100000, 0x0000000089100000| Complete 
| 118|0x0000000089200000, 0x0000000089300000, 0x0000000089300000|100%| E|CS|TAMS 0x0000000089200000, 0x0000000089200000| Complete 
| 119|0x0000000089300000, 0x0000000089400000, 0x0000000089400000|100%| E|CS|TAMS 0x0000000089300000, 0x0000000089300000| Complete 
| 120|0x0000000089400000, 0x0000000089500000, 0x0000000089500000|100%| E|CS|TAMS 0x0000000089400000, 0x0000000089400000| Complete 
| 121|0x0000000089500000, 0x0000000089600000, 0x0000000089600000|100%| E|CS|TAMS 0x0000000089500000, 0x0000000089500000| Complete 
| 122|0x0000000089600000, 0x0000000089700000, 0x0000000089700000|100%| E|CS|TAMS 0x0000000089600000, 0x0000000089600000| Complete 
| 123|0x0000000089700000, 0x0000000089800000, 0x0000000089800000|100%| E|CS|TAMS 0x0000000089700000, 0x0000000089700000| Complete 
| 124|0x0000000089800000, 0x0000000089900000, 0x0000000089900000|100%| E|CS|TAMS 0x0000000089800000, 0x0000000089800000| Complete 
| 125|0x0000000089900000, 0x0000000089a00000, 0x0000000089a00000|100%| E|CS|TAMS 0x0000000089900000, 0x0000000089900000| Complete 
| 127|0x0000000089b00000, 0x0000000089c00000, 0x0000000089c00000|100%| E|CS|TAMS 0x0000000089b00000, 0x0000000089b00000| Complete 

Card table byte_map: [0x0000015e2ddd0000,0x0000015e2e1d0000] _byte_map_base: 0x0000015e2d9c2000

Marking Bits (Prev, Next): (CMBitMap*) 0x0000015e1b3665c0, (CMBitMap*) 0x0000015e1b366580
 Prev Bits: [0x0000015e30560000, 0x0000015e324f0000)
 Next Bits: [0x0000015e2e5d0000, 0x0000015e30560000)

Polling page: 0x0000015e1aad0000

Metaspace:

Usage:
  Non-class:     28.13 MB used.
      Class:      3.54 MB used.
       Both:     31.67 MB used.

Virtual space:
  Non-class space:       64.00 MB reserved,      28.25 MB ( 44%) committed,  1 nodes.
      Class space:        1.00 GB reserved,       3.75 MB ( <1%) committed,  1 nodes.
             Both:        1.06 GB reserved,      32.00 MB (  3%) committed. 

Chunk freelists:
   Non-Class:  3.77 MB
       Class:  12.30 MB
        Both:  16.06 MB

MaxMetaspaceSize: unlimited
CompressedClassSpaceSize: 1.00 GB
Initial GC threshold: 21.00 MB
Current GC threshold: 35.25 MB
CDS: off
MetaspaceReclaimPolicy: balanced
 - commit_granule_bytes: 65536.
 - commit_granule_words: 8192.
 - virtual_space_node_default_size: 8388608.
 - enlarge_chunks_in_place: 1.
 - new_chunks_are_fully_committed: 0.
 - uncommit_free_chunks: 1.
 - use_allocation_guard: 0.
 - handle_deallocations: 1.


Internal statistics:

num_allocs_failed_limit: 3.
num_arena_births: 358.
num_arena_deaths: 0.
num_vsnodes_births: 2.
num_vsnodes_deaths: 0.
num_space_committed: 512.
num_space_uncommitted: 0.
num_chunks_returned_to_freelist: 3.
num_chunks_taken_from_freelist: 1057.
num_chunk_merges: 3.
num_chunk_splits: 700.
num_chunks_enlarged: 499.
num_inconsistent_stats: 0.

CodeHeap 'non-profiled nmethods': size=120000Kb used=1231Kb max_used=1231Kb free=118768Kb
 bounds [0x0000015e264a0000, 0x0000015e26710000, 0x0000015e2d9d0000]
CodeHeap 'profiled nmethods': size=120000Kb used=6379Kb max_used=6379Kb free=113620Kb
 bounds [0x0000015e1e9d0000, 0x0000015e1f010000, 0x0000015e25f00000]
CodeHeap 'non-nmethods': size=5760Kb used=1259Kb max_used=1328Kb free=4500Kb
 bounds [0x0000015e25f00000, 0x0000015e26170000, 0x0000015e264a0000]
 total_blobs=3812 nmethods=3232 adapters=492
 compilation: enabled
              stopped_count=0, restarted_count=0
 full_count=0

Compilation events (20 events):
Event: 27.579 Thread 0x0000015e34a65280 nmethod 3222 0x0000015e1f001a10 code [0x0000015e1f001ba0, 0x0000015e1f001ce8]
Event: 27.579 Thread 0x0000015e34a65280 3223       3       com.google.common.collect.AbstractMapBasedMultimap::put (92 bytes)
Event: 27.580 Thread 0x0000015e34a65280 nmethod 3223 0x0000015e1f001d90 code [0x0000015e1f001fc0, 0x0000015e1f002898]
Event: 27.580 Thread 0x0000015e34a65280 3224       3       com.google.common.collect.AbstractMapBasedMultimap::createCollection (5 bytes)
Event: 27.580 Thread 0x0000015e34a65280 nmethod 3224 0x0000015e1f002b10 code [0x0000015e1f002cc0, 0x0000015e1f002e88]
Event: 27.580 Thread 0x0000015e34a65280 3225       3       com.google.common.collect.ArrayListMultimap::createCollection (5 bytes)
Event: 27.581 Thread 0x0000015e34a65280 nmethod 3225 0x0000015e1f002f10 code [0x0000015e1f0030c0, 0x0000015e1f0032c8]
Event: 27.581 Thread 0x0000015e34a65280 3226       1       java.net.URI::getHost (5 bytes)
Event: 27.581 Thread 0x0000015e34a65280 nmethod 3226 0x0000015e265d3810 code [0x0000015e265d39a0, 0x0000015e265d3a78]
Event: 27.613 Thread 0x0000015e34a65280 3227       3       org.openqa.selenium.remote.http.HttpMessage$$Lambda$576/0x00000001003974f8::apply (10 bytes)
Event: 27.613 Thread 0x0000015e34a65280 nmethod 3227 0x0000015e1f003390 code [0x0000015e1f003540, 0x0000015e1f003808]
Event: 27.755 Thread 0x0000015e34a65280 3228       3       java.util.ArrayDeque$DeqIterator::hasNext (13 bytes)
Event: 27.756 Thread 0x0000015e34a65280 nmethod 3228 0x0000015e1f003910 code [0x0000015e1f003aa0, 0x0000015e1f003c18]
Event: 27.759 Thread 0x0000015e34a65280 3229       3       okio.Timeout::throwIfReached (47 bytes)
Event: 27.759 Thread 0x0000015e34a65280 nmethod 3229 0x0000015e1f003c90 code [0x0000015e1f003e80, 0x0000015e1f004308]
Event: 27.772 Thread 0x0000015e34a648c0 3230       4       java.util.regex.Matcher::appendExpandedReplacement (510 bytes)
Event: 27.775 Thread 0x0000015e34a65280 3232       3       org.openqa.selenium.json.JsonOutput$$Lambda$447/0x0000000100325e00::consume (13 bytes)
Event: 27.775 Thread 0x0000015e34a65280 nmethod 3232 0x0000015e1f004490 code [0x0000015e1f004680, 0x0000015e1f004be8]
Event: 27.775 Thread 0x0000015e34a65280 3233       3       org.openqa.selenium.json.JsonOutput::lambda$new$3 (11 bytes)
Event: 27.775 Thread 0x0000015e34a65280 nmethod 3233 0x0000015e1f004e10 code [0x0000015e1f004fe0, 0x0000015e1f005408]

GC Heap History (14 events):
Event: 0.906 GC heap before
{Heap before GC invocations=0 (full 0):
 garbage-first heap   total 131072K, used 17408K [0x0000000081c00000, 0x0000000100000000)
  region size 1024K, 13 young (13312K), 0 survivors (0K)
 Metaspace       used 11633K, committed 11840K, reserved 1114112K
  class space    used 1096K, committed 1216K, reserved 1048576K
}
Event: 0.912 GC heap after
{Heap after GC invocations=1 (full 0):
 garbage-first heap   total 131072K, used 9558K [0x0000000081c00000, 0x0000000100000000)
  region size 1024K, 2 young (2048K), 2 survivors (2048K)
 Metaspace       used 11633K, committed 11840K, reserved 1114112K
  class space    used 1096K, committed 1216K, reserved 1048576K
}
Event: 1.468 GC heap before
{Heap before GC invocations=1 (full 0):
 garbage-first heap   total 131072K, used 19798K [0x0000000081c00000, 0x0000000100000000)
  region size 1024K, 12 young (12288K), 2 survivors (2048K)
 Metaspace       used 15475K, committed 15680K, reserved 1114112K
  class space    used 1546K, committed 1664K, reserved 1048576K
}
Event: 1.472 GC heap after
{Heap after GC invocations=2 (full 0):
 garbage-first heap   total 131072K, used 10438K [0x0000000081c00000, 0x0000000100000000)
  region size 1024K, 1 young (1024K), 1 survivors (1024K)
 Metaspace       used 15475K, committed 15680K, reserved 1114112K
  class space    used 1546K, committed 1664K, reserved 1048576K
}
Event: 2.156 GC heap before
{Heap before GC invocations=2 (full 0):
 garbage-first heap   total 131072K, used 25798K [0x0000000081c00000, 0x0000000100000000)
  region size 1024K, 17 young (17408K), 1 survivors (1024K)
 Metaspace       used 21262K, committed 21504K, reserved 1114112K
  class space    used 2211K, committed 2304K, reserved 1048576K
}
Event: 2.160 GC heap after
{Heap after GC invocations=3 (full 0):
 garbage-first heap   total 131072K, used 12003K [0x0000000081c00000, 0x0000000100000000)
  region size 1024K, 3 young (3072K), 3 survivors (3072K)
 Metaspace       used 21262K, committed 21504K, reserved 1114112K
  class space    used 2211K, committed 2304K, reserved 1048576K
}
Event: 2.271 GC heap before
{Heap before GC invocations=4 (full 0):
 garbage-first heap   total 48128K, used 36579K [0x0000000081c00000, 0x0000000100000000)
  region size 1024K, 28 young (28672K), 3 survivors (3072K)
 Metaspace       used 21621K, committed 21952K, reserved 1114112K
  class space    used 2261K, committed 2368K, reserved 1048576K
}
Event: 2.276 GC heap after
{Heap after GC invocations=5 (full 0):
 garbage-first heap   total 48128K, used 12962K [0x0000000081c00000, 0x0000000100000000)
  region size 1024K, 4 young (4096K), 4 survivors (4096K)
 Metaspace       used 21621K, committed 21952K, reserved 1114112K
  class space    used 2261K, committed 2368K, reserved 1048576K
}
Event: 2.276 GC heap before
{Heap before GC invocations=5 (full 0):
 garbage-first heap   total 48128K, used 13986K [0x0000000081c00000, 0x0000000100000000)
  region size 1024K, 5 young (5120K), 4 survivors (4096K)
 Metaspace       used 21621K, committed 21952K, reserved 1114112K
  class space    used 2261K, committed 2368K, reserved 1048576K
}
Event: 2.282 GC heap after
{Heap after GC invocations=6 (full 0):
 garbage-first heap   total 48128K, used 13073K [0x0000000081c00000, 0x0000000100000000)
  region size 1024K, 1 young (1024K), 1 survivors (1024K)
 Metaspace       used 21621K, committed 21952K, reserved 1114112K
  class space    used 2261K, committed 2368K, reserved 1048576K
}
Event: 2.451 GC heap before
{Heap before GC invocations=6 (full 0):
 garbage-first heap   total 48128K, used 32529K [0x0000000081c00000, 0x0000000100000000)
  region size 1024K, 20 young (20480K), 1 survivors (1024K)
 Metaspace       used 22750K, committed 23040K, reserved 1114112K
  class space    used 2418K, committed 2560K, reserved 1048576K
}
Event: 2.454 GC heap after
{Heap after GC invocations=7 (full 0):
 garbage-first heap   total 48128K, used 14108K [0x0000000081c00000, 0x0000000100000000)
  region size 1024K, 2 young (2048K), 2 survivors (2048K)
 Metaspace       used 22750K, committed 23040K, reserved 1114112K
  class space    used 2418K, committed 2560K, reserved 1048576K
}
Event: 3.009 GC heap before
{Heap before GC invocations=7 (full 0):
 garbage-first heap   total 48128K, used 33564K [0x0000000081c00000, 0x0000000100000000)
  region size 1024K, 21 young (21504K), 2 survivors (2048K)
 Metaspace       used 28383K, committed 28736K, reserved 1114112K
  class space    used 3094K, committed 3264K, reserved 1048576K
}
Event: 3.015 GC heap after
{Heap after GC invocations=8 (full 0):
 garbage-first heap   total 130048K, used 16523K [0x0000000081c00000, 0x0000000100000000)
  region size 1024K, 3 young (3072K), 3 survivors (3072K)
 Metaspace       used 28383K, committed 28736K, reserved 1114112K
  class space    used 3094K, committed 3264K, reserved 1048576K
}

Dll operation events (7 events):
Event: 0.008 Loaded shared library C:\Users\User\.p2\pool\plugins\org.eclipse.justj.openjdk.hotspot.jre.full.win32.x86_64_17.0.8.v20230831-1047\jre\bin\java.dll
Event: 0.179 Loaded shared library C:\Users\User\.p2\pool\plugins\org.eclipse.justj.openjdk.hotspot.jre.full.win32.x86_64_17.0.8.v20230831-1047\jre\bin\net.dll
Event: 0.181 Loaded shared library C:\Users\User\.p2\pool\plugins\org.eclipse.justj.openjdk.hotspot.jre.full.win32.x86_64_17.0.8.v20230831-1047\jre\bin\nio.dll
Event: 0.193 Loaded shared library C:\Users\User\.p2\pool\plugins\org.eclipse.justj.openjdk.hotspot.jre.full.win32.x86_64_17.0.8.v20230831-1047\jre\bin\zip.dll
Event: 0.444 Loaded shared library C:\Users\User\.p2\pool\plugins\org.eclipse.justj.openjdk.hotspot.jre.full.win32.x86_64_17.0.8.v20230831-1047\jre\bin\jimage.dll
Event: 0.483 Loaded shared library C:\Users\User\.p2\pool\plugins\org.eclipse.justj.openjdk.hotspot.jre.full.win32.x86_64_17.0.8.v20230831-1047\jre\bin\verify.dll
Event: 2.929 Loaded shared library C:\Users\User\.p2\pool\plugins\org.eclipse.justj.openjdk.hotspot.jre.full.win32.x86_64_17.0.8.v20230831-1047\jre\bin\sunmscapi.dll

Deoptimization events (20 events):
Event: 9.150 Thread 0x0000015e1b30c990 DEOPT PACKING pc=0x0000015e1ee806d6 sp=0x00000026a40fd4d0
Event: 9.150 Thread 0x0000015e1b30c990 DEOPT UNPACKING pc=0x0000015e25f57143 sp=0x00000026a40fc958 mode 0
Event: 12.804 Thread 0x0000015e1b30c990 Uncommon trap: trap_request=0xffffffde fr.pc=0x0000015e26535304 relative=0x0000000000001064
Event: 12.804 Thread 0x0000015e1b30c990 Uncommon trap: reason=class_check action=maybe_recompile pc=0x0000015e26535304 method=java.util.concurrent.ConcurrentHashMap.putVal(Ljava/lang/Object;Ljava/lang/Object;Z)Ljava/lang/Object; @ 242 c2
Event: 12.804 Thread 0x0000015e1b30c990 DEOPT PACKING pc=0x0000015e26535304 sp=0x00000026a40fdf40
Event: 12.804 Thread 0x0000015e1b30c990 DEOPT UNPACKING pc=0x0000015e25f569a3 sp=0x00000026a40fdeb0 mode 2
Event: 12.809 Thread 0x0000015e1b30c990 Uncommon trap: trap_request=0xffffffcc fr.pc=0x0000015e265b42e4 relative=0x0000000000000344
Event: 12.809 Thread 0x0000015e1b30c990 Uncommon trap: reason=intrinsic_or_type_checked_inlining action=make_not_entrant pc=0x0000015e265b42e4 method=java.util.Arrays.copyOf([Ljava/lang/Object;ILjava/lang/Class;)[Ljava/lang/Object; @ 35 c2
Event: 12.809 Thread 0x0000015e1b30c990 DEOPT PACKING pc=0x0000015e265b42e4 sp=0x00000026a40fe4e0
Event: 12.809 Thread 0x0000015e1b30c990 DEOPT UNPACKING pc=0x0000015e25f569a3 sp=0x00000026a40fe470 mode 2
Event: 12.816 Thread 0x0000015e1b30c990 Uncommon trap: trap_request=0xffffffde fr.pc=0x0000015e26535304 relative=0x0000000000001064
Event: 12.816 Thread 0x0000015e1b30c990 Uncommon trap: reason=class_check action=maybe_recompile pc=0x0000015e26535304 method=java.util.concurrent.ConcurrentHashMap.putVal(Ljava/lang/Object;Ljava/lang/Object;Z)Ljava/lang/Object; @ 242 c2
Event: 12.816 Thread 0x0000015e1b30c990 DEOPT PACKING pc=0x0000015e26535304 sp=0x00000026a40fdf40
Event: 12.817 Thread 0x0000015e1b30c990 DEOPT UNPACKING pc=0x0000015e25f569a3 sp=0x00000026a40fdeb0 mode 2
Event: 12.818 Thread 0x0000015e1b30c990 Uncommon trap: trap_request=0xffffff45 fr.pc=0x0000015e26535378 relative=0x00000000000010d8
Event: 12.818 Thread 0x0000015e1b30c990 Uncommon trap: reason=unstable_if action=reinterpret pc=0x0000015e26535378 method=java.util.concurrent.ConcurrentHashMap.putVal(Ljava/lang/Object;Ljava/lang/Object;Z)Ljava/lang/Object; @ 231 c2
Event: 12.818 Thread 0x0000015e1b30c990 DEOPT PACKING pc=0x0000015e26535378 sp=0x00000026a40fda80
Event: 12.818 Thread 0x0000015e1b30c990 DEOPT UNPACKING pc=0x0000015e25f569a3 sp=0x00000026a40fd9f0 mode 2
Event: 18.660 Thread 0x0000015e1b30c990 DEOPT PACKING pc=0x0000015e1ef3659b sp=0x00000026a40fcfe0
Event: 18.660 Thread 0x0000015e1b30c990 DEOPT UNPACKING pc=0x0000015e25f57143 sp=0x00000026a40fc490 mode 0

Classes unloaded (0 events):
No events

Classes redefined (0 events):
No events

Internal exceptions (20 events):
Event: 12.730 Thread 0x0000015e3a138ad0 Exception <a 'java/net/ConnectException'{0x0000000089827bf8}: Connection refused: no further information> (0x0000000089827bf8) 
thrown [s\src\hotspot\share\prims\jni.cpp, line 535]
Event: 12.730 Thread 0x0000015e3a138ad0 Exception <a 'java/net/SocketException'{0x0000000089827f30}: Socket is not connected: shutdown> (0x0000000089827f30) 
thrown [s\src\hotspot\share\prims\jni.cpp, line 535]
Event: 12.819 Thread 0x0000015e1b30c990 Exception <a 'java/net/SocketException'{0x00000000882e0ee0}: Socket is not connected: shutdown> (0x00000000882e0ee0) 
thrown [s\src\hotspot\share\prims\jni.cpp, line 535]
Event: 12.863 Thread 0x0000015e3a138ad0 Exception <a 'java/net/ConnectException'{0x0000000089828f98}: Connection refused: no further information> (0x0000000089828f98) 
thrown [s\src\hotspot\share\prims\jni.cpp, line 535]
Event: 12.863 Thread 0x0000015e3a138ad0 Exception <a 'java/net/SocketException'{0x00000000898292d0}: Socket is not connected: shutdown> (0x00000000898292d0) 
thrown [s\src\hotspot\share\prims\jni.cpp, line 535]
Event: 12.885 Thread 0x0000015e3a138ad0 Exception <a 'java/net/ConnectException'{0x000000008982a318}: Connection refused: no further information> (0x000000008982a318) 
thrown [s\src\hotspot\share\prims\jni.cpp, line 535]
Event: 12.885 Thread 0x0000015e3a138ad0 Exception <a 'java/net/SocketException'{0x000000008982a650}: Socket is not connected: shutdown> (0x000000008982a650) 
thrown [s\src\hotspot\share\prims\jni.cpp, line 535]
Event: 12.916 Thread 0x0000015e3a138ad0 Exception <a 'java/net/ConnectException'{0x000000008982b698}: Connection refused: no further information> (0x000000008982b698) 
thrown [s\src\hotspot\share\prims\jni.cpp, line 535]
Event: 12.916 Thread 0x0000015e3a138ad0 Exception <a 'java/net/SocketException'{0x000000008982b9d0}: Socket is not connected: shutdown> (0x000000008982b9d0) 
thrown [s\src\hotspot\share\prims\jni.cpp, line 535]
Event: 21.563 Thread 0x0000015e3a138ad0 Exception <a 'java/net/ConnectException'{0x00000000898456c8}: Connection refused: no further information> (0x00000000898456c8) 
thrown [s\src\hotspot\share\prims\jni.cpp, line 535]
Event: 21.563 Thread 0x0000015e3a138ad0 Exception <a 'java/net/SocketException'{0x0000000089845a00}: Socket is not connected: shutdown> (0x0000000089845a00) 
thrown [s\src\hotspot\share\prims\jni.cpp, line 535]
Event: 21.568 Thread 0x0000015e1b30c990 Exception <a 'java/net/SocketException'{0x00000000877894e8}: Socket is not connected: shutdown> (0x00000000877894e8) 
thrown [s\src\hotspot\share\prims\jni.cpp, line 535]
Event: 21.577 Thread 0x0000015e3a138ad0 Exception <a 'java/net/ConnectException'{0x0000000089846a68}: Connection refused: no further information> (0x0000000089846a68) 
thrown [s\src\hotspot\share\prims\jni.cpp, line 535]
Event: 21.577 Thread 0x0000015e3a138ad0 Exception <a 'java/net/SocketException'{0x0000000089846da0}: Socket is not connected: shutdown> (0x0000000089846da0) 
thrown [s\src\hotspot\share\prims\jni.cpp, line 535]
Event: 21.588 Thread 0x0000015e3a138ad0 Exception <a 'java/net/ConnectException'{0x0000000089847de8}: Connection refused: no further information> (0x0000000089847de8) 
thrown [s\src\hotspot\share\prims\jni.cpp, line 535]
Event: 21.588 Thread 0x0000015e3a138ad0 Exception <a 'java/net/SocketException'{0x0000000089848120}: Socket is not connected: shutdown> (0x0000000089848120) 
thrown [s\src\hotspot\share\prims\jni.cpp, line 535]
Event: 21.609 Thread 0x0000015e3a138ad0 Exception <a 'java/net/ConnectException'{0x0000000089849168}: Connection refused: no further information> (0x0000000089849168) 
thrown [s\src\hotspot\share\prims\jni.cpp, line 535]
Event: 21.609 Thread 0x0000015e3a138ad0 Exception <a 'java/net/SocketException'{0x00000000898494a0}: Socket is not connected: shutdown> (0x00000000898494a0) 
thrown [s\src\hotspot\share\prims\jni.cpp, line 535]
Event: 21.651 Thread 0x0000015e3a138ad0 Exception <a 'java/net/ConnectException'{0x000000008984a4e8}: Connection refused: no further information> (0x000000008984a4e8) 
thrown [s\src\hotspot\share\prims\jni.cpp, line 535]
Event: 21.651 Thread 0x0000015e3a138ad0 Exception <a 'java/net/SocketException'{0x000000008984a820}: Socket is not connected: shutdown> (0x000000008984a820) 
thrown [s\src\hotspot\share\prims\jni.cpp, line 535]

VM Operations (20 events):
Event: 13.260 Executing VM operation: Cleanup
Event: 13.260 Executing VM operation: Cleanup done
Event: 14.270 Executing VM operation: Cleanup
Event: 14.271 Executing VM operation: Cleanup done
Event: 15.286 Executing VM operation: Cleanup
Event: 15.286 Executing VM operation: Cleanup done
Event: 18.313 Executing VM operation: Cleanup
Event: 18.314 Executing VM operation: Cleanup done
Event: 19.317 Executing VM operation: Cleanup
Event: 19.317 Executing VM operation: Cleanup done
Event: 20.333 Executing VM operation: Cleanup
Event: 20.333 Executing VM operation: Cleanup done
Event: 21.347 Executing VM operation: Cleanup
Event: 21.347 Executing VM operation: Cleanup done
Event: 22.347 Executing VM operation: Cleanup
Event: 22.347 Executing VM operation: Cleanup done
Event: 23.361 Executing VM operation: Cleanup
Event: 23.361 Executing VM operation: Cleanup done
Event: 26.375 Executing VM operation: Cleanup
Event: 26.376 Executing VM operation: Cleanup done

Events (20 events):
Event: 9.157 Thread 0x0000015e3a3ec840 Thread added: 0x0000015e3a3ec840
Event: 9.429 Thread 0x0000015e3a3ec840 Thread exited: 0x0000015e3a3ec840
Event: 12.716 Thread 0x0000015e39e64690 Thread added: 0x0000015e39e64690
Event: 12.727 Thread 0x0000015e3a137b40 Thread exited: 0x0000015e3a137b40
Event: 12.727 Thread 0x0000015e3a138020 Thread exited: 0x0000015e3a138020
Event: 12.732 Thread 0x0000015e3a076110 Thread exited: 0x0000015e3a076110
Event: 12.861 Thread 0x0000015e39e65fe0 Thread added: 0x0000015e39e65fe0
Event: 12.883 Thread 0x0000015e39e67420 Thread added: 0x0000015e39e67420
Event: 12.883 Thread 0x0000015e39e66f10 Thread added: 0x0000015e39e66f10
Event: 12.978 loading class jdk/internal/access/foreign/MemorySegmentProxy
Event: 12.978 loading class jdk/internal/access/foreign/MemorySegmentProxy done
Event: 17.718 Thread 0x0000015e39e64690 Thread exited: 0x0000015e39e64690
Event: 21.552 Thread 0x0000015e39e63c70 Thread added: 0x0000015e39e63c70
Event: 21.557 Thread 0x0000015e39e67420 Thread exited: 0x0000015e39e67420
Event: 21.557 Thread 0x0000015e39e66f10 Thread exited: 0x0000015e39e66f10
Event: 21.560 Thread 0x0000015e39e65fe0 Thread exited: 0x0000015e39e65fe0
Event: 21.576 Thread 0x0000015e39e655c0 Thread added: 0x0000015e39e655c0
Event: 21.586 Thread 0x0000015e39e65fe0 Thread added: 0x0000015e39e65fe0
Event: 21.586 Thread 0x0000015e39e664f0 Thread added: 0x0000015e39e664f0
Event: 26.554 Thread 0x0000015e39e63c70 Thread exited: 0x0000015e39e63c70


Dynamic libraries:
0x00007ff73df30000 - 0x00007ff73df3e000 	C:\Users\User\.p2\pool\plugins\org.eclipse.justj.openjdk.hotspot.jre.full.win32.x86_64_17.0.8.v20230831-1047\jre\bin\javaw.exe
0x00007ffc4ad30000 - 0x00007ffc4af28000 	C:\WINDOWS\SYSTEM32\ntdll.dll
0x00007ffc495a0000 - 0x00007ffc4965d000 	C:\WINDOWS\System32\KERNEL32.DLL
0x00007ffc48820000 - 0x00007ffc48b16000 	C:\WINDOWS\System32\KERNELBASE.dll
0x00007ffc48c90000 - 0x00007ffc48d90000 	C:\WINDOWS\System32\ucrtbase.dll
0x00007ffc215e0000 - 0x00007ffc215f7000 	C:\Users\User\.p2\pool\plugins\org.eclipse.justj.openjdk.hotspot.jre.full.win32.x86_64_17.0.8.v20230831-1047\jre\bin\jli.dll
0x00007ffc215c0000 - 0x00007ffc215d9000 	C:\Users\User\.p2\pool\plugins\org.eclipse.justj.openjdk.hotspot.jre.full.win32.x86_64_17.0.8.v20230831-1047\jre\bin\VCRUNTIME140.dll
0x00007ffc499c0000 - 0x00007ffc49b5e000 	C:\WINDOWS\System32\USER32.dll
0x00007ffc48530000 - 0x00007ffc48552000 	C:\WINDOWS\System32\win32u.dll
0x00007ffc35be0000 - 0x00007ffc35e7a000 	C:\WINDOWS\WinSxS\amd64_microsoft.windows.common-controls_6595b64144ccf1df_6.0.19041.3636_none_60b6a03d71f818d5\COMCTL32.dll
0x00007ffc49d10000 - 0x00007ffc49d3c000 	C:\WINDOWS\System32\GDI32.dll
0x00007ffc4a100000 - 0x00007ffc4a19e000 	C:\WINDOWS\System32\msvcrt.dll
0x00007ffc48410000 - 0x00007ffc4852a000 	C:\WINDOWS\System32\gdi32full.dll
0x00007ffc48780000 - 0x00007ffc4881d000 	C:\WINDOWS\System32\msvcp_win.dll
0x00007ffc49720000 - 0x00007ffc49750000 	C:\WINDOWS\System32\IMM32.DLL
0x00007ffc40830000 - 0x00007ffc4083c000 	C:\Users\User\.p2\pool\plugins\org.eclipse.justj.openjdk.hotspot.jre.full.win32.x86_64_17.0.8.v20230831-1047\jre\bin\vcruntime140_1.dll
0x00007ffc11af0000 - 0x00007ffc11b81000 	C:\Users\User\.p2\pool\plugins\org.eclipse.justj.openjdk.hotspot.jre.full.win32.x86_64_17.0.8.v20230831-1047\jre\bin\msvcp140.dll
0x00007ffc067a0000 - 0x00007ffc073ec000 	C:\Users\User\.p2\pool\plugins\org.eclipse.justj.openjdk.hotspot.jre.full.win32.x86_64_17.0.8.v20230831-1047\jre\bin\server\jvm.dll
0x00007ffc4ac40000 - 0x00007ffc4acef000 	C:\WINDOWS\System32\ADVAPI32.dll
0x00007ffc4a890000 - 0x00007ffc4a92c000 	C:\WINDOWS\System32\sechost.dll
0x00007ffc49820000 - 0x00007ffc49946000 	C:\WINDOWS\System32\RPCRT4.dll
0x00007ffc48270000 - 0x00007ffc482bb000 	C:\WINDOWS\SYSTEM32\POWRPROF.dll
0x00007ffc330f0000 - 0x00007ffc330f9000 	C:\WINDOWS\SYSTEM32\WSOCK32.dll
0x00007ffc3c9b0000 - 0x00007ffc3c9d7000 	C:\WINDOWS\SYSTEM32\WINMM.dll
0x00007ffc4aa50000 - 0x00007ffc4aabb000 	C:\WINDOWS\System32\WS2_32.dll
0x00007ffc3d0d0000 - 0x00007ffc3d0da000 	C:\WINDOWS\SYSTEM32\VERSION.dll
0x00007ffc48250000 - 0x00007ffc48262000 	C:\WINDOWS\SYSTEM32\UMPDC.dll
0x00007ffc46cb0000 - 0x00007ffc46cc2000 	C:\WINDOWS\SYSTEM32\kernel.appcore.dll
0x00007ffc40820000 - 0x00007ffc4082a000 	C:\Users\User\.p2\pool\plugins\org.eclipse.justj.openjdk.hotspot.jre.full.win32.x86_64_17.0.8.v20230831-1047\jre\bin\jimage.dll
0x00007ffc462a0000 - 0x00007ffc46484000 	C:\WINDOWS\SYSTEM32\DBGHELP.DLL
0x00007ffc3e350000 - 0x00007ffc3e384000 	C:\WINDOWS\SYSTEM32\dbgcore.DLL
0x00007ffc48b20000 - 0x00007ffc48ba2000 	C:\WINDOWS\System32\bcryptPrimitives.dll
0x00007ffc3f1b0000 - 0x00007ffc3f1d5000 	C:\Users\User\.p2\pool\plugins\org.eclipse.justj.openjdk.hotspot.jre.full.win32.x86_64_17.0.8.v20230831-1047\jre\bin\java.dll
0x00007ffc407a0000 - 0x00007ffc407b8000 	C:\Users\User\.p2\pool\plugins\org.eclipse.justj.openjdk.hotspot.jre.full.win32.x86_64_17.0.8.v20230831-1047\jre\bin\zip.dll
0x00007ffc48df0000 - 0x00007ffc49535000 	C:\WINDOWS\System32\SHELL32.dll
0x00007ffc46490000 - 0x00007ffc46c2b000 	C:\WINDOWS\SYSTEM32\windows.storage.dll
0x00007ffc49d40000 - 0x00007ffc4a094000 	C:\WINDOWS\System32\combase.dll
0x00007ffc47de0000 - 0x00007ffc47e0d000 	C:\WINDOWS\SYSTEM32\Wldp.dll
0x00007ffc4a7c0000 - 0x00007ffc4a86d000 	C:\WINDOWS\System32\SHCORE.dll
0x00007ffc48d90000 - 0x00007ffc48de5000 	C:\WINDOWS\System32\shlwapi.dll
0x00007ffc48340000 - 0x00007ffc48365000 	C:\WINDOWS\SYSTEM32\profapi.dll
0x00007ffc40750000 - 0x00007ffc40769000 	C:\Users\User\.p2\pool\plugins\org.eclipse.justj.openjdk.hotspot.jre.full.win32.x86_64_17.0.8.v20230831-1047\jre\bin\net.dll
0x00007ffc3b710000 - 0x00007ffc3b81a000 	C:\WINDOWS\SYSTEM32\WINHTTP.dll
0x00007ffc47b40000 - 0x00007ffc47baa000 	C:\WINDOWS\system32\mswsock.dll
0x00007ffc3f8a0000 - 0x00007ffc3f8b5000 	C:\Users\User\.p2\pool\plugins\org.eclipse.justj.openjdk.hotspot.jre.full.win32.x86_64_17.0.8.v20230831-1047\jre\bin\nio.dll
0x00007ffc40810000 - 0x00007ffc40820000 	C:\Users\User\.p2\pool\plugins\org.eclipse.justj.openjdk.hotspot.jre.full.win32.x86_64_17.0.8.v20230831-1047\jre\bin\verify.dll
0x00007ffc47870000 - 0x00007ffc4793a000 	C:\WINDOWS\SYSTEM32\DNSAPI.dll
0x00007ffc47830000 - 0x00007ffc4786b000 	C:\WINDOWS\SYSTEM32\IPHLPAPI.DLL
0x00007ffc499b0000 - 0x00007ffc499b8000 	C:\WINDOWS\System32\NSI.dll
0x00007ffc3ae40000 - 0x00007ffc3ae4a000 	C:\Windows\System32\rasadhlp.dll
0x00007ffc3b090000 - 0x00007ffc3b110000 	C:\WINDOWS\System32\fwpuclnt.dll
0x00007ffc48c60000 - 0x00007ffc48c87000 	C:\WINDOWS\System32\bcrypt.dll
0x00007ffc47d40000 - 0x00007ffc47d58000 	C:\WINDOWS\SYSTEM32\CRYPTSP.dll
0x00007ffc47410000 - 0x00007ffc47444000 	C:\WINDOWS\system32\rsaenh.dll
0x00007ffc48300000 - 0x00007ffc4832e000 	C:\WINDOWS\SYSTEM32\USERENV.dll
0x00007ffc47d30000 - 0x00007ffc47d3c000 	C:\WINDOWS\SYSTEM32\CRYPTBASE.dll
0x00007ffc3bbb0000 - 0x00007ffc3bbc7000 	C:\WINDOWS\SYSTEM32\dhcpcsvc6.DLL
0x00007ffc3c410000 - 0x00007ffc3c42d000 	C:\WINDOWS\SYSTEM32\dhcpcsvc.DLL
0x00007ffc407d0000 - 0x00007ffc407de000 	C:\Users\User\.p2\pool\plugins\org.eclipse.justj.openjdk.hotspot.jre.full.win32.x86_64_17.0.8.v20230831-1047\jre\bin\sunmscapi.dll
0x00007ffc48560000 - 0x00007ffc486bd000 	C:\WINDOWS\System32\CRYPT32.dll
0x00007ffc47e50000 - 0x00007ffc47e77000 	C:\WINDOWS\SYSTEM32\ncrypt.dll
0x00007ffc47e10000 - 0x00007ffc47e4b000 	C:\WINDOWS\SYSTEM32\NTASN1.dll

dbghelp: loaded successfully - version: 4.0.5 - missing functions: none
symbol engine: initialized successfully - sym options: 0x614 - pdb path: .;C:\Users\User\.p2\pool\plugins\org.eclipse.justj.openjdk.hotspot.jre.full.win32.x86_64_17.0.8.v20230831-1047\jre\bin;C:\WINDOWS\SYSTEM32;C:\WINDOWS\WinSxS\amd64_microsoft.windows.common-controls_6595b64144ccf1df_6.0.19041.3636_none_60b6a03d71f818d5;C:\Users\User\.p2\pool\plugins\org.eclipse.justj.openjdk.hotspot.jre.full.win32.x86_64_17.0.8.v20230831-1047\jre\bin\server

VM Arguments:
jvm_args: -ea -Dfile.encoding=UTF-8 -Dstdout.encoding=UTF-8 -Dstderr.encoding=UTF-8 -XX:+ShowCodeDetailsInExceptionMessages 
java_command: org.testng.remote.RemoteTestNG -serport 50896 -protocol json -d C:\java\SeleniumPracticeProject\test-output C:\Users\User\AppData\Local\Temp\testng-eclipse--51192813\testng-customsuite.xml
java_class_path (initial): C:\Users\User\eclipse\java-2023-09\eclipse\configuration\org.eclipse.osgi\537\0\.cp\lib\testng-remote.jar;C:\java\SeleniumPracticeProject\bin;C:\java\SeleniumPracticeProject\JarFiles\selenium-server-standalone-3.141.59.jar;C:\java\SeleniumPracticeProject\JarFiles\Poi\batik-anim-1.14.jar;C:\java\SeleniumPracticeProject\JarFiles\Poi\batik-awt-util-1.14.jar;C:\java\SeleniumPracticeProject\JarFiles\Poi\batik-bridge-1.14.jar;C:\java\SeleniumPracticeProject\JarFiles\Poi\batik-codec-1.14.jar;C:\java\SeleniumPracticeProject\JarFiles\Poi\batik-constants-1.14.jar;C:\java\SeleniumPracticeProject\JarFiles\Poi\batik-css-1.14.jar;C:\java\SeleniumPracticeProject\JarFiles\Poi\batik-dom-1.14.jar;C:\java\SeleniumPracticeProject\JarFiles\Poi\batik-ext-1.14.jar;C:\java\SeleniumPracticeProject\JarFiles\Poi\batik-gvt-1.14.jar;C:\java\SeleniumPracticeProject\JarFiles\Poi\batik-i18n-1.14.jar;C:\java\SeleniumPracticeProject\JarFiles\Poi\batik-parser-1.14.jar;C:\java\SeleniumPracticeProject\JarFiles\Poi\batik-script-1.14.jar;C:\java\SeleniumPracticeProject\JarFiles\Poi\batik-shared-resources-1.14.jar;C:\java\SeleniumPracticeProject\JarFiles\Poi\batik-svg-dom-1.14.jar;C:\java\SeleniumPracticeProject\JarFiles\Poi\batik-svggen-1.14.jar;C:\java\SeleniumPracticeProject\JarFiles\Poi\batik-svgrasterizer-1.14.jar;C:\java\SeleniumPracticeProject\JarFiles\Poi\batik-transcoder-1.14.jar;C:\java\SeleniumPracticeProject\JarFiles\Poi\batik-util-1.14.jar;C:\java\SeleniumPracticeProject\JarFiles\Poi\batik-xml-1.14.jar;C:\java\SeleniumPracticeProject\JarFiles\Poi\bcpkix-jdk15on-1.70.jar;C:\java\SeleniumPracticeProject\JarFiles\Poi\bcprov-jdk15on-1.70.jar;C:\java\SeleniumPracticeProject\JarFiles\Poi\bcutil-jdk15on-1.70.jar;C:\java\SeleniumPracticeProject\JarFiles\Poi\commons-codec-1.15.jar;C:\java\SeleniumPracticeProject\JarFiles\Poi\commons-collections4-4.4.jar;C:\java\SeleniumPracticeProject\JarFiles\Poi\commons-compress-1.21.jar;C:\java\SeleniumPracticeProject\JarFiles\Poi\commo
Launcher Type: SUN_STANDARD

[Global flags]
     intx CICompilerCount                          = 3                                         {product} {ergonomic}
     uint ConcGCThreads                            = 1                                         {product} {ergonomic}
     uint G1ConcRefinementThreads                  = 4                                         {product} {ergonomic}
   size_t G1HeapRegionSize                         = 1048576                                   {product} {ergonomic}
    uintx GCDrainStackTargetSize                   = 64                                        {product} {ergonomic}
   size_t InitialHeapSize                          = 134217728                                 {product} {ergonomic}
   size_t MarkStackSize                            = 4194304                                   {product} {ergonomic}
   size_t MaxHeapSize                              = 2118123520                                {product} {ergonomic}
   size_t MaxNewSize                               = 1270874112                                {product} {ergonomic}
   size_t MinHeapDeltaBytes                        = 1048576                                   {product} {ergonomic}
   size_t MinHeapSize                              = 8388608                                   {product} {ergonomic}
    uintx NonNMethodCodeHeapSize                   = 5832780                                {pd product} {ergonomic}
    uintx NonProfiledCodeHeapSize                  = 122912730                              {pd product} {ergonomic}
    uintx ProfiledCodeHeapSize                     = 122912730                              {pd product} {ergonomic}
    uintx ReservedCodeCacheSize                    = 251658240                              {pd product} {ergonomic}
     bool SegmentedCodeCache                       = true                                      {product} {ergonomic}
     bool ShowCodeDetailsInExceptionMessages       = true                                   {manageable} {command line}
   size_t SoftMaxHeapSize                          = 2118123520                             {manageable} {ergonomic}
     bool UseCompressedClassPointers               = true                           {product lp64_product} {ergonomic}
     bool UseCompressedOops                        = true                           {product lp64_product} {ergonomic}
     bool UseG1GC                                  = true                                      {product} {ergonomic}
     bool UseLargePagesIndividualAllocation        = false                                  {pd product} {ergonomic}

Logging:
Log output configuration:
 #0: stdout all=warning uptime,level,tags
 #1: stderr all=off uptime,level,tags

Environment Variables:
JAVA_HOME=C:\Program Files\Java\jdk-11
PATH=C:/Users/User/.p2/pool/plugins/org.eclipse.justj.openjdk.hotspot.jre.full.win32.x86_64_17.0.8.v20230831-1047/jre/bin/server;C:/Users/User/.p2/pool/plugins/org.eclipse.justj.openjdk.hotspot.jre.full.win32.x86_64_17.0.8.v20230831-1047/jre/bin;C:\Program Files\Common Files\Oracle\Java\javapath;C:\WINDOWS\system32;C:\WINDOWS;C:\WINDOWS\System32\Wbem;C:\WINDOWS\System32\WindowsPowerShell\v1.0\;C:\WINDOWS\System32\OpenSSH\;C:\Program Files\nodejs\;C:\Program Files\Java\jdk-11\bin;C:\Users\User\AppData\Local\Microsoft\WindowsApps;C:\Users\User\AppData\Roaming\npm;C:\Users\User\Desktop;
USERNAME=User
OS=Windows_NT
PROCESSOR_IDENTIFIER=Intel64 Family 6 Model 78 Stepping 3, GenuineIntel
TMP=C:\Users\User\AppData\Local\Temp
TEMP=C:\Users\User\AppData\Local\Temp



---------------  S Y S T E M  ---------------

OS:
 Windows 10 , 64 bit Build 19041 (10.0.19041.3636)
OS uptime: 15 days 8:15 hours

CPU: total 4 (initial active 4) (2 cores per cpu, 2 threads per core) family 6 model 78 stepping 3 microcode 0xf0, cx8, cmov, fxsr, ht, mmx, 3dnowpref, sse, sse2, sse3, ssse3, sse4.1, sse4.2, popcnt, lzcnt, tsc, tscinvbit, avx, avx2, aes, erms, clmul, bmi1, bmi2, adx, fma, vzeroupper, clflush, clflushopt
Processor Information for processor 0
  Max Mhz: 2400, Current Mhz: 1500, Mhz Limit: 2280
Processor Information for processor 1
  Max Mhz: 2400, Current Mhz: 2300, Mhz Limit: 2280
Processor Information for processor 2
  Max Mhz: 2400, Current Mhz: 1500, Mhz Limit: 2280
Processor Information for processor 3
  Max Mhz: 2400, Current Mhz: 1500, Mhz Limit: 2280

Memory: 4k page, system-wide physical 8072M (1001M free)
TotalPageFile size 20793M (AvailPageFile size 3M)
current process WorkingSet (physical memory assigned to process): 169M, peak: 169M
current process commit charge ("private bytes"): 244M, peak: 266M

vm_info: OpenJDK 64-Bit Server VM (17.0.8.1+1) for windows-amd64 JRE (17.0.8.1+1), built on Aug 23 2023 15:29:17 by "admin" with MS VC++ 16.7 (VS2019)

END.
